<?xml version="1.0" encoding="UTF-8"?><testsuite name="gwservices.accelerator.testing.gunit.test.TestConstantsTest" errors="1" failures="0" tests="3" time="0.019" timestamp="Thu Aug 03 14:31:03 EDT 2017"><testcase classname="null(gwservices.accelerator.testing.gunit.test.TestConstantsTest)" name="test_PROJECT_ROOT_DIRECTORY_PATH_value" time="0.0"></testcase><testcase classname="null(gwservices.accelerator.testing.gunit.test.TestConstantsTest)" name="test_MODULES_DIRECTORY_PATH_value" time="0.0"><error message="junit.framework.ComparisonFailure: expected:&lt;./modules[1]/&gt; but was:&lt;./modules[]/&gt;
	at junit.framework.Assert.assertEquals(Assert.java:100)
	at junit.framework.Assert.assertEquals(Assert.java:107)
	at junit.framework.TestCase.assertEquals(TestCase.java:269)
	at gwservices.accelerator.testing.gunit.test.TestConstantsTest.test_MODULES_DIRECTORY_PATH_value(TestConstantsTest.gs:18)
	at sun.reflect.NativeMethodAccessorImpl.invoke0(Native Method)
	at sun.reflect.NativeMethodAccessorImpl.invoke(NativeMethodAccessorImpl.java:57)
	at sun.reflect.DelegatingMethodAccessorImpl.invoke(DelegatingMethodAccessorImpl.java:43)
	at java.lang.reflect.Method.invoke(Method.java:606)
	at gw.internal.gosu.parser.GosuMethodInfo$GosuMethodCallHandler.handleCall(GosuMethodInfo.java:275)
	at main.MainTest.runTestMethods(MainTest.gs:108)
	at main.MainTest.runAllTestsInClass(MainTest.gs:204)
	at main.MainTest.runClass(MainTest.gs:262)
	at main.MainTest.runTests(MainTest.gs:294)
	at main.MainTest$block_6_.invoke(MainTest.gs:308)
	at gw.lang.enhancements.CoreArrayEnhancement.each(CoreArrayEnhancement.gsx:236)
	at main.MainTest.runTests(MainTest.gs:306)
	at main.MainTest$block_6_.invoke(MainTest.gs:308)
	at gw.lang.enhancements.CoreArrayEnhancement.each(CoreArrayEnhancement.gsx:236)
	at main.MainTest.runTests(MainTest.gs:306)
	at main.MainTest$block_6_.invoke(MainTest.gs:308)
	at gw.lang.enhancements.CoreArrayEnhancement.each(CoreArrayEnhancement.gsx:236)
	at main.MainTest.runTests(MainTest.gs:306)
	at main.MainTest$block_6_.invoke(MainTest.gs:308)
	at gw.lang.enhancements.CoreArrayEnhancement.each(CoreArrayEnhancement.gsx:236)
	at main.MainTest.runTests(MainTest.gs:306)
	at main.MainTest.testAll(MainTest.gs:348)
	at sun.reflect.NativeMethodAccessorImpl.invoke0(Native Method)
	at sun.reflect.NativeMethodAccessorImpl.invoke(NativeMethodAccessorImpl.java:57)
	at sun.reflect.DelegatingMethodAccessorImpl.invoke(DelegatingMethodAccessorImpl.java:43)
	at java.lang.reflect.Method.invoke(Method.java:606)
	at gw.internal.gosu.parser.GosuMethodInfo$GosuMethodCallHandler.handleCall(GosuMethodInfo.java:275)
	at com.guidewire.testharness.GosuTestDelegate.invokeMethod(GosuTestDelegate.java:163)
	at com.guidewire.testharness.GosuTestDelegate.runTest(GosuTestDelegate.java:152)
	at com.guidewire.testharness.AbstractTest.superRunBare(AbstractTest.java:873)
	at com.guidewire.testharness.AbstractTest.reallyRunBare(AbstractTest.java:812)
	at com.guidewire.testharness.AbstractTest$TestRunnerDaemonThread.reallyRunTest(AbstractTest.java:2057)
	at com.guidewire.testharness.AbstractTest$TestRunnerDaemonThread.run(AbstractTest.java:2025)
" /></testcase><testcase classname="null(gwservices.accelerator.testing.gunit.test.TestConstantsTest)" name="test_MODULES_CONFIGURATION_DIRECTORY_PATH_value" time="0.0"><error message="junit.framework.ComparisonFailure: expected:&lt;...odules/configuration[1]/&gt; but was:&lt;...odules/configuration[]/&gt;
	at junit.framework.Assert.assertEquals(Assert.java:100)
	at junit.framework.Assert.assertEquals(Assert.java:107)
	at junit.framework.TestCase.assertEquals(TestCase.java:269)
	at gwservices.accelerator.testing.gunit.test.TestConstantsTest.test_MODULES_CONFIGURATION_DIRECTORY_PATH_value(TestConstantsTest.gs:22)
	at sun.reflect.NativeMethodAccessorImpl.invoke0(Native Method)
	at sun.reflect.NativeMethodAccessorImpl.invoke(NativeMethodAccessorImpl.java:57)
	at sun.reflect.DelegatingMethodAccessorImpl.invoke(DelegatingMethodAccessorImpl.java:43)
	at java.lang.reflect.Method.invoke(Method.java:606)
	at gw.internal.gosu.parser.GosuMethodInfo$GosuMethodCallHandler.handleCall(GosuMethodInfo.java:275)
	at main.MainTest.runTestMethods(MainTest.gs:108)
	at main.MainTest.runAllTestsInClass(MainTest.gs:204)
	at main.MainTest.runClass(MainTest.gs:262)
	at main.MainTest.runTests(MainTest.gs:294)
	at main.MainTest$block_6_.invoke(MainTest.gs:308)
	at gw.lang.enhancements.CoreArrayEnhancement.each(CoreArrayEnhancement.gsx:236)
	at main.MainTest.runTests(MainTest.gs:306)
	at main.MainTest$block_6_.invoke(MainTest.gs:308)
	at gw.lang.enhancements.CoreArrayEnhancement.each(CoreArrayEnhancement.gsx:236)
	at main.MainTest.runTests(MainTest.gs:306)
	at main.MainTest$block_6_.invoke(MainTest.gs:308)
	at gw.lang.enhancements.CoreArrayEnhancement.each(CoreArrayEnhancement.gsx:236)
	at main.MainTest.runTests(MainTest.gs:306)
	at main.MainTest$block_6_.invoke(MainTest.gs:308)
	at gw.lang.enhancements.CoreArrayEnhancement.each(CoreArrayEnhancement.gsx:236)
	at main.MainTest.runTests(MainTest.gs:306)
	at main.MainTest.testAll(MainTest.gs:348)
	at sun.reflect.NativeMethodAccessorImpl.invoke0(Native Method)
	at sun.reflect.NativeMethodAccessorImpl.invoke(NativeMethodAccessorImpl.java:57)
	at sun.reflect.DelegatingMethodAccessorImpl.invoke(DelegatingMethodAccessorImpl.java:43)
	at java.lang.reflect.Method.invoke(Method.java:606)
	at gw.internal.gosu.parser.GosuMethodInfo$GosuMethodCallHandler.handleCall(GosuMethodInfo.java:275)
	at com.guidewire.testharness.GosuTestDelegate.invokeMethod(GosuTestDelegate.java:163)
	at com.guidewire.testharness.GosuTestDelegate.runTest(GosuTestDelegate.java:152)
	at com.guidewire.testharness.AbstractTest.superRunBare(AbstractTest.java:873)
	at com.guidewire.testharness.AbstractTest.reallyRunBare(AbstractTest.java:812)
	at com.guidewire.testharness.AbstractTest$TestRunnerDaemonThread.reallyRunTest(AbstractTest.java:2057)
	at com.guidewire.testharness.AbstractTest$TestRunnerDaemonThread.run(AbstractTest.java:2025)
" /></testcase></testsuite>