<?xml version="1.0" encoding="UTF-8" ?>
<testsuite errors="0" failures="0" hostname="A9ARAJEDRAN3" name="com.gwservices.test.gunit.GUnitTestSuite" tests="1" time="104.114" timestamp="2017-08-03T18:29:22">
  <properties>
[...]
</properties>
  <testcase classname="com.guidewire.testharness.GosuTestDelegate" name="testAll" time="104.073" />
  <system-out><![CDATA[----+++++++++++++++------------------------------------
Class com.guidewire.testharness.AbstractDatabaseTest not found - this is expected in a release build
Class com.guidewire.testharness.AbstractNewMetadataTest not found - this is expected in a release build
Will split suite 1 times and run tests on partition number 0
Looking for the devroot starting from C:\UAIC\803\CC803DBUpgrade\.
Classpath modules: [configuration]
Module path: [configuration]
Using Test Environment Delegate: com.guidewire.testharness.ConfigEnvTestEnvironmentDelegate
                    2017-08-03 14:29:22,114 INFO ********** main.MainTest ********** SUITE SETUP
                    2017-08-03 14:29:22,724 INFO Logging to org.slf4j.impl.Log4jLoggerAdapter(org.mortbay.log) via org.mortbay.log.Slf4jLog
                    2017-08-03 14:29:22,754 INFO jetty-6.1.23
                    2017-08-03 14:29:22,963 INFO NO JSP Support for /cc, did not find org.apache.jasper.servlet.JspServlet
                    2017-08-03 14:29:23,366 INFO SERVERID initialized to 'localdev'
                    2017-08-03 14:29:23,366 INFO ENV initialized to 'gtest'
                    2017-08-03 14:29:23,389 INFO Root directory is "C:\UAIC\803\CC803DBUpgrade\webapps\cc"
                    2017-08-03 14:29:23,389 INFO Temp directory is "C:\Users\araje\AppData\Local\Temp\Jetty_0_0_0_0_0_cc__cc__xmw0j7"
                    2017-08-03 14:29:23,389 INFO Logging properties found at "C:\UAIC\803\CC803DBUpgrade\modules\configuration\config\logging\logging.properties"
                    2017-08-03 14:29:23,947 INFO Increasing runlevel to 'GUIDEWIRE_STARTUP'
                    2017-08-03 14:29:23,977 INFO Setup platform dependencies ...
                    2017-08-03 14:29:24,165 INFO Reading config file: C:\UAIC\803\CC803DBUpgrade\modules\configuration\config\config.xml
                    2017-08-03 14:29:24,194 INFO ENV initialized to 'gtest'
                    2017-08-03 14:29:24,353 INFO Platform dependency setup complete.
                    2017-08-03 14:29:24,353 INFO Setup application dependencies ...
                    2017-08-03 14:29:25,594 INFO CustomizableSystemClock initialized, current time is now: 1501784965590, Thu Aug 03 14:29:25 EDT 2017
                    2017-08-03 14:29:25,607 INFO Application dependency setup complete.
                    2017-08-03 14:29:25,675 INFO SERVERID initialized to 'localdev'
localdev            2017-08-03 14:29:25,685 INFO Increasing runlevel to 'SHUTDOWN'
localdev            2017-08-03 14:29:25,735 INFO OSGi temporary directory is C:\Users\araje\AppData\Local\Temp\Jetty_0_0_0_0_0_cc__cc__xmw0j7\osgi_cc_rBAUHQtIQO9cp_I3_uHb6FsgnQySSsHyfGdEQUlOarSWHNEAAAAAAA__
localdev            2017-08-03 14:29:27,272 INFO Service manager started
localdev            2017-08-03 14:29:27,276 INFO Reading config file: C:\UAIC\803\CC803DBUpgrade\modules\configuration\config\config.xml
localdev            2017-08-03 14:29:27,293 WARN Unknown parameter specified (will be ignored): jdbcURLtest
localdev            2017-08-03 14:29:27,293 WARN Unknown parameter specified (will be ignored): ShouldSynchUserRolesInLDAP
localdev            2017-08-03 14:29:27,293 WARN Unknown parameter specified (will be ignored): StyleReportURL
localdev            2017-08-03 14:29:27,293 WARN Unknown parameter specified (will be ignored): StyleReportURL
localdev            2017-08-03 14:29:27,293 WARN Unknown parameter specified (will be ignored): StyleReportURL
localdev            2017-08-03 14:29:27,293 WARN Unknown parameter specified (will be ignored): StyleReportURL
localdev            2017-08-03 14:29:27,295 INFO Memory usage: 161.740 MB used (both active and stale objects), 178.364 MB free, 340.105 MB total, 1979.750 MB max. --  Please read 'Memory usage logging' in the System Administration Guide for information on how to interpret these numbers.
localdev            2017-08-03 14:30:02,796 INFO ***** ClaimCenter 8.0.3.164 (Platform 8.23.0.164) starting *****
localdev            2017-08-03 14:30:02,852 INFO Increasing runlevel to 'NODAEMONS'
localdev            2017-08-03 14:30:02,863 INFO Reading database config file: C:\UAIC\803\CC803DBUpgrade\modules\configuration\config\database-config.xml
localdev            2017-08-03 14:30:03,000 INFO Starting parse security config...
localdev            2017-08-03 14:30:03,144 INFO SecurityManager finished parsing C:\UAIC\803\CC803DBUpgrade\modules\configuration\config\security\security-config.xml
localdev            2017-08-03 14:30:03,178 INFO C:\UAIC\803\CC803DBUpgrade\modules\configuration\config\security\security-config.xml:367- creating permission keys on SubrogationCaseExt to add key for own
localdev            2017-08-03 14:30:03,262 INFO C:\UAIC\803\CC803DBUpgrade\modules\configuration\config\security\security-config.xml:373- creating permission keys on MMCaseExt to add key for own
localdev            2017-08-03 14:30:03,262 INFO Finished security config.
localdev            2017-08-03 14:30:03,265 INFO Starting database ClaimCenterDatabase on env gtest
localdev            2017-08-03 14:30:03,488 INFO JDBC Driver: com.microsoft.sqlserver.jdbc.SQLServerDriver, major version: 4, minor version: 0
localdev            2017-08-03 14:30:05,336 INFO Marking connection for death (dummy): Throw away connection
localdev            2017-08-03 14:30:05,336 INFO Connection no longer valid. Being discarded.
localdev            2017-08-03 14:30:05,957 INFO Validating main database connections have all required properties
localdev            2017-08-03 14:30:06,315 INFO This database version is SUPPORTED. Earliest supported database version is (11.00.3000).  Actual database version is (11.00.5343)
localdev            2017-08-03 14:30:07,731 INFO Unicode columns not being used.
localdev            2017-08-03 14:30:16,132 INFO Checking if existing database version is current...
localdev            2017-08-03 14:30:16,185 INFO Datamodel version (5, 86, 10, 196) is up to date.
localdev            2017-08-03 14:30:16,203 INFO JDBC Driver: com.microsoft.sqlserver.jdbc.SQLServerDriver, major version: 4, minor version: 0
localdev            2017-08-03 14:30:16,242 INFO Executing SQL Server select statement: declare @regreader int, @SmoDefaultFile nvarchar(4000)
exec @regreader = master.dbo.xp_instance_regread
     N'HKEY_LOCAL_MACHINE',
     N'Software\Microsoft\MSSQLServer\MSSQLServer',
     N'DefaultData',
    @SmoDefaultFile  output, 'no_output'
select @SmoDefaultFile AS InstallationDirectory
localdev            2017-08-03 14:30:16,278 INFO Executing SQL Server select statement: SELECT SUBSTRING(physical_name, 1, CHARINDEX(N'master.mdf', LOWER(physical_name)) - 1) FROM master.sys.master_files WHERE database_id = 1 AND file_id = 1
localdev            2017-08-03 14:30:16,314 INFO Executing SQL Server select statement: SELECT convert(varchar, compatibility_level) FROM sys.databases where database_id = 1
localdev            2017-08-03 14:30:16,493 INFO Restoring database from shadow from dataset: ...
localdev            2017-08-03 14:30:16,496 INFO Restoring tables for test harness using dataset 
localdev            2017-08-03 14:30:25,493 INFO Done restoring from shadow tables in 9000 milliseconds.
localdev            2017-08-03 14:30:25,502 INFO Database reset
localdev            2017-08-03 14:30:25,507 INFO Caches flushed
localdev            2017-08-03 14:30:25,743 INFO Database started
localdev            2017-08-03 14:30:25,822 INFO GlobalRandomSource#INITIAL_SEED = 1501785025822
localdev            2017-08-03 14:30:28,567 INFO Running tests: Global cache reaper thread not started.
localdev            2017-08-03 14:30:29,268 INFO Parsing C:\UAIC\803\CC803DBUpgrade\modules\configuration\config\messaging\messaging-config.xml
localdev            2017-08-03 14:30:29,291 INFO ENV initialized to 'gtest'
localdev            2017-08-03 14:30:29,550 INFO Zone config defined for countries [CA, US]
localdev            2017-08-03 14:30:29,560 WARN The following country codes are configured zones but have not been loaded: [CA, US]
localdev            2017-08-03 14:30:29,597 INFO Address config defined for country code US
localdev            2017-08-03 14:30:29,603 INFO Address config defined for country code CA
localdev            2017-08-03 14:30:29,865 INFO BatchProcessManager starting...
localdev            2017-08-03 14:30:29,868 INFO BatchProcessManager started
localdev            2017-08-03 14:30:29,876 INFO DistributedWorkerConfig parsing of C:\UAIC\803\CC803DBUpgrade\modules\configuration\config\workqueue\work-queue.xml
localdev            2017-08-03 14:30:29,908 WARN Work queue class com.guidewire.pl.domain.archiving.ArchiveWorkQueue is defined but archiving is not enabled.
localdev            2017-08-03 14:30:31,564 INFO Archiving is not enabled
localdev            2017-08-03 14:30:31,592 INFO Parsing C:\UAIC\803\CC803DBUpgrade\modules\configuration\config\integration\inbound-integration-config.xml
localdev            2017-08-03 14:30:34,466 INFO Document Management resources path /jnlp/gw/documentassistant/pl-documentassistant-applet__V8.2.2.jar URL jar:file:/C:/UAIC/803/CC803DBUpgrade/webapps/cc/jnlp/gw/documentassistant/pl-documentassistant-applet__V8.2.2.jar!/documentassistant/
localdev            2017-08-03 14:30:34,468 INFO Document Management resources path /jnlp/gw/documentassistant/pl-documentassistant-resources__V8.2.2.jar URL jar:file:/C:/UAIC/803/CC803DBUpgrade/webapps/cc/jnlp/gw/documentassistant/pl-documentassistant-resources__V8.2.2.jar!/documentassistant/
localdev            2017-08-03 14:30:57,861 WARN Workflow subtype "Example Workflow" is defined to be non-external, but either no script is defined, or the script failed to parse.  Please check the logs for any parsing failures.
localdev            2017-08-03 14:30:59,989 WARN PolicyType auto_comm is not listed within any <LimitUsedDef> element in aggregatelimitused-config.xml and will not have an Aggregate Limits screen
localdev            2017-08-03 14:30:59,990 WARN PolicyType auto_per is not listed within any <LimitUsedDef> element in aggregatelimitused-config.xml and will not have an Aggregate Limits screen
localdev            2017-08-03 14:30:59,990 WARN 
localdev            2017-08-03 14:30:59,990 WARN !!! The server is in "development" mode. This mode should never be used for a production server.
localdev            2017-08-03 14:30:59,990 WARN 
localdev            2017-08-03 14:30:59,990 WARN 
localdev            2017-08-03 14:30:59,990 WARN !!! The server is using the Dynamic Code Evolution JVM.  This JVM is not recommended for a production server.
localdev            2017-08-03 14:30:59,990 WARN 
localdev            2017-08-03 14:31:00,028 INFO ***** ClaimCenter ready *****
localdev            2017-08-03 14:31:00,064 INFO com.guidewire.cc.system.integration.messaging.iso.ISOReceive initializing
localdev            2017-08-03 14:31:00,122 INFO Started SelectChannelConnector@0.0.0.0:58720
localdev            2017-08-03 14:31:01,144 INFO ********** main.MainTest ********** SUITE SETUP OK
localdev            2017-08-03 14:31:01,155 INFO **** testAll START **** 
localdev            2017-08-03 14:31:01,819 INFO **** START TEST : gwservices.accelerator.testing.gunit.GUnitTest*****
localdev            2017-08-03 14:31:01,970 INFO ****************************** START TEST METHODS ****************** 
localdev            2017-08-03 14:31:01,971 INFO **** Executing test method  testNothing
localdev            2017-08-03 14:31:01,971 INFO ****************************** END TEST METHODS ****************** 
localdev            2017-08-03 14:31:02,040 INFO **** END TEST : gwservices.accelerator.testing.gunit.GUnitTest*****
localdev            2017-08-03 14:31:02,041 INFO **** START TEST : gwservices.accelerator.testing.gunit.ISlowTest*****
localdev            2017-08-03 14:31:02,042 INFO **** END TEST : gwservices.accelerator.testing.gunit.ISlowTest*****
localdev            2017-08-03 14:31:02,043 INFO **** START TEST : gwservices.accelerator.testing.gunit.SlowTest*****
localdev            2017-08-03 14:31:02,047 INFO **** END TEST : gwservices.accelerator.testing.gunit.SlowTest*****
localdev            2017-08-03 14:31:02,055 INFO **** START TEST : gwservices.accelerator.testing.gunit.test.AbstractBaseAndSubclassTest*****
localdev            2017-08-03 14:31:02,262 INFO ****************************** START TEST METHODS ****************** 
localdev            2017-08-03 14:31:02,278 INFO **** Executing test method  testSequenceOfSuperAndSubclassMethodCalls
localdev            2017-08-03 14:31:02,394 INFO ****************************** END TEST METHODS ****************** 
localdev            2017-08-03 14:31:02,425 INFO **** END TEST : gwservices.accelerator.testing.gunit.test.AbstractBaseAndSubclassTest*****
localdev            2017-08-03 14:31:02,425 INFO **** START TEST : gwservices.accelerator.testing.gunit.test.BeforeAndAfterMethodsTestTest*****
localdev            2017-08-03 14:31:02,560 INFO ****************************** START TEST METHODS ****************** 
localdev            2017-08-03 14:31:02,600 INFO **** Executing test method  testMethodsCalledInExpectedOrder
localdev            2017-08-03 14:31:02,601 INFO **** Executing test method  testInstances
localdev            2017-08-03 14:31:02,611 INFO ****************************** END TEST METHODS ****************** 
localdev            2017-08-03 14:31:02,620 INFO **** END TEST : gwservices.accelerator.testing.gunit.test.BeforeAndAfterMethodsTestTest*****
localdev            2017-08-03 14:31:02,621 INFO **** START TEST : gwservices.accelerator.testing.gunit.test.MethodProtectionTestTest*****
localdev            2017-08-03 14:31:02,666 INFO ****************************** START TEST METHODS ****************** 
localdev            2017-08-03 14:31:02,667 INFO **** Executing test method  testMethodsRunInATest
localdev            2017-08-03 14:31:02,722 INFO ****************************** END TEST METHODS ****************** 
localdev            2017-08-03 14:31:02,728 INFO **** END TEST : gwservices.accelerator.testing.gunit.test.MethodProtectionTestTest*****
localdev            2017-08-03 14:31:02,728 INFO **** START TEST : gwservices.accelerator.testing.gunit.test.RunlevelTest*****
localdev            2017-08-03 14:31:02,870 INFO ****************************** START TEST METHODS ****************** 
localdev            2017-08-03 14:31:02,887 INFO **** Executing test method  testCaptureWebServerStartupMessages
localdev            2017-08-03 14:31:02,888 INFO **** Executing test method  testRunlevelNONE
localdev            2017-08-03 14:31:03,177 INFO **** Executing test method  testRunlevelGUIDEWIRE_STARTUP
localdev            2017-08-03 14:31:03,185 INFO **** Executing test method  testRunlevelSHUTDOWN
localdev            2017-08-03 14:31:03,190 INFO **** Executing test method  testRunlevelNODAEMONS
localdev            2017-08-03 14:31:03,195 INFO **** Executing test method  testRunlevelDAEMONS
localdev            2017-08-03 14:31:03,202 INFO **** Executing test method  testRunlevelMULTIUSER
localdev            2017-08-03 14:31:03,211 INFO **** Executing test method  testCaptureWebServerShutdownMessages
localdev            2017-08-03 14:31:03,212 INFO ****************************** END TEST METHODS ****************** 
localdev            2017-08-03 14:31:03,218 INFO **** END TEST : gwservices.accelerator.testing.gunit.test.RunlevelTest*****
localdev            2017-08-03 14:31:03,219 INFO **** START TEST : gwservices.accelerator.testing.gunit.test.TestConstantsTest*****
localdev            2017-08-03 14:31:03,238 INFO ****************************** START TEST METHODS ****************** 
localdev            2017-08-03 14:31:03,239 INFO **** Executing test method  test_PROJECT_ROOT_DIRECTORY_PATH_value
localdev            2017-08-03 14:31:03,239 INFO **** Executing test method  test_MODULES_DIRECTORY_PATH_value
localdev            2017-08-03 14:31:03,240 INFO **** Executing test method  test_MODULES_CONFIGURATION_DIRECTORY_PATH_value
localdev            2017-08-03 14:31:03,240 INFO ****************************** END TEST METHODS ****************** 
localdev            2017-08-03 14:31:03,253 INFO **** END TEST : gwservices.accelerator.testing.gunit.test.TestConstantsTest*****
localdev            2017-08-03 14:31:03,253 INFO **** START TEST : gwservices.accelerator.testing.gunit.test.TestMethodsThatShouldNotBeCalledTest*****
localdev            2017-08-03 14:31:03,268 INFO ****************************** START TEST METHODS ****************** 
localdev            2017-08-03 14:31:03,269 INFO **** Executing test method  testNothing
localdev            2017-08-03 14:31:03,269 INFO ****************************** END TEST METHODS ****************** 
localdev            2017-08-03 14:31:03,273 INFO **** END TEST : gwservices.accelerator.testing.gunit.test.TestMethodsThatShouldNotBeCalledTest*****
localdev            2017-08-03 14:31:03,274 INFO **** START TEST : gwservices.accelerator.testing.gunit.test.TextTestRunnerTest*****
localdev            2017-08-03 14:31:03,474 INFO ****************************** START TEST METHODS ****************** 
localdev            2017-08-03 14:31:03,474 INFO **** Executing test method  test_PATH_TO_GTEST_DIR_value
localdev            2017-08-03 14:31:03,474 INFO **** Executing test method  testRunAllTests
localdev            2017-08-03 14:31:04,198 INFO **** Executing test method  testRunTestInPackage
localdev            2017-08-03 14:31:04,203 INFO **** Executing test method  testClassNameDoesNotEndWith_Test
localdev            2017-08-03 14:31:04,208 INFO **** Executing test method  testClassDoesNotExtend_TestBase_Class
localdev            2017-08-03 14:31:04,215 INFO **** Executing test method  testClassDoesNotHave_ServerTest_Annotation
localdev            2017-08-03 14:31:04,224 INFO **** Executing test method  testAbstractBaseAndSubclassTest
localdev            2017-08-03 14:31:04,228 INFO **** Executing test method  testOnePassingTest
localdev            2017-08-03 14:31:04,230 INFO **** Executing test method  testTwoPassingTests
localdev            2017-08-03 14:31:04,231 INFO **** Executing test method  testHasNoTestMethods
localdev            2017-08-03 14:31:04,258 INFO ****************************** END TEST METHODS ****************** 
localdev            2017-08-03 14:31:04,316 INFO **** END TEST : gwservices.accelerator.testing.gunit.test.TextTestRunnerTest*****
localdev            2017-08-03 14:31:04,316 INFO **** START TEST : gwservices.accelerator.testing.gunit.test.VariousMethodsThrowExceptionsTestTest*****
localdev            2017-08-03 14:31:04,317 INFO ****************************** START TEST METHODS ****************** 
localdev            2017-08-03 14:31:04,317 INFO **** Executing test method  testBeforeClassMethodThrowsException
localdev            2017-08-03 14:31:04,324 INFO **** Executing test method  testBeforeMethodMethodThrowsException
localdev            2017-08-03 14:31:04,334 INFO **** Executing test method  testMainTestMethodAndAllAfterMethodsThrowExceptions
localdev            2017-08-03 14:31:04,340 INFO **** Executing test method  testOnlyAfterMethodsThrowExceptions
localdev            2017-08-03 14:31:04,348 INFO **** Executing test method  testAfterClassMethodThrowsException
localdev            2017-08-03 14:31:04,357 INFO ****************************** END TEST METHODS ****************** 
localdev            2017-08-03 14:31:04,385 INFO **** END TEST : gwservices.accelerator.testing.gunit.test.VariousMethodsThrowExceptionsTestTest*****
localdev            2017-08-03 14:31:04,388 INFO **** START TEST : gwservices.accelerator.testing.gunit.test.runlevel.RunlevelDaemonsTest*****
localdev            2017-08-03 14:31:04,389 INFO ****************************** START TEST METHODS ****************** 
localdev            2017-08-03 14:31:04,389 INFO **** Executing test method  testMethodToRun
localdev            2017-08-03 14:31:04,389 INFO ****************************** END TEST METHODS ****************** 
localdev            2017-08-03 14:31:04,400 INFO **** END TEST : gwservices.accelerator.testing.gunit.test.runlevel.RunlevelDaemonsTest*****
localdev            2017-08-03 14:31:04,400 INFO **** START TEST : gwservices.accelerator.testing.gunit.test.runlevel.RunlevelDefaultTest*****
localdev            2017-08-03 14:31:04,401 INFO ****************************** START TEST METHODS ****************** 
localdev            2017-08-03 14:31:04,401 INFO **** Executing test method  testMethodToRun
localdev            2017-08-03 14:31:04,401 INFO ****************************** END TEST METHODS ****************** 
localdev            2017-08-03 14:31:04,409 INFO **** END TEST : gwservices.accelerator.testing.gunit.test.runlevel.RunlevelDefaultTest*****
localdev            2017-08-03 14:31:04,409 INFO **** START TEST : gwservices.accelerator.testing.gunit.test.runlevel.RunlevelGuidewireStartupTest*****
localdev            2017-08-03 14:31:04,409 INFO ****************************** START TEST METHODS ****************** 
localdev            2017-08-03 14:31:04,409 INFO **** Executing test method  testMethodToRun
localdev            2017-08-03 14:31:04,410 INFO ****************************** END TEST METHODS ****************** 
localdev            2017-08-03 14:31:04,420 INFO **** END TEST : gwservices.accelerator.testing.gunit.test.runlevel.RunlevelGuidewireStartupTest*****
localdev            2017-08-03 14:31:04,421 INFO **** START TEST : gwservices.accelerator.testing.gunit.test.runlevel.RunlevelMultiUserTest*****
localdev            2017-08-03 14:31:04,421 INFO ****************************** START TEST METHODS ****************** 
localdev            2017-08-03 14:31:04,421 INFO **** Executing test method  testMethodToRun
localdev            2017-08-03 14:31:04,421 INFO ****************************** END TEST METHODS ****************** 
localdev            2017-08-03 14:31:04,426 INFO **** END TEST : gwservices.accelerator.testing.gunit.test.runlevel.RunlevelMultiUserTest*****
localdev            2017-08-03 14:31:04,426 INFO **** START TEST : gwservices.accelerator.testing.gunit.test.runlevel.RunlevelNoDaemonsTest*****
localdev            2017-08-03 14:31:04,427 INFO ****************************** START TEST METHODS ****************** 
localdev            2017-08-03 14:31:04,427 INFO **** Executing test method  testMethodToRun
localdev            2017-08-03 14:31:04,427 INFO ****************************** END TEST METHODS ****************** 
localdev            2017-08-03 14:31:04,434 INFO **** END TEST : gwservices.accelerator.testing.gunit.test.runlevel.RunlevelNoDaemonsTest*****
localdev            2017-08-03 14:31:04,434 INFO **** START TEST : gwservices.accelerator.testing.gunit.test.runlevel.RunlevelNoneTest*****
localdev            2017-08-03 14:31:04,434 INFO ****************************** START TEST METHODS ****************** 
localdev            2017-08-03 14:31:04,434 INFO **** Executing test method  testMethodToRun
localdev            2017-08-03 14:31:04,435 INFO ****************************** END TEST METHODS ****************** 
localdev            2017-08-03 14:31:04,438 INFO **** END TEST : gwservices.accelerator.testing.gunit.test.runlevel.RunlevelNoneTest*****
localdev            2017-08-03 14:31:04,438 INFO **** START TEST : gwservices.accelerator.testing.gunit.test.runlevel.RunlevelShutdownTest*****
localdev            2017-08-03 14:31:04,439 INFO ****************************** START TEST METHODS ****************** 
localdev            2017-08-03 14:31:04,439 INFO **** Executing test method  testMethodToRun
localdev            2017-08-03 14:31:04,439 INFO ****************************** END TEST METHODS ****************** 
localdev            2017-08-03 14:31:04,446 INFO **** END TEST : gwservices.accelerator.testing.gunit.test.runlevel.RunlevelShutdownTest*****
localdev            2017-08-03 14:31:04,449 INFO **** START TEST : gwservices.accelerator.testing.gunit.test.stubs.AbstractBaseClassTest*****
localdev            2017-08-03 14:31:04,450 INFO **** END TEST : gwservices.accelerator.testing.gunit.test.stubs.AbstractBaseClassTest*****
localdev            2017-08-03 14:31:04,451 INFO **** START TEST : gwservices.accelerator.testing.gunit.test.stubs.BeforeAndAfterMethodsTest*****
localdev            2017-08-03 14:31:04,452 INFO ****************************** START TEST METHODS ****************** 
localdev            2017-08-03 14:31:04,452 INFO **** Executing test method  testOne
localdev            2017-08-03 14:31:04,452 INFO **** Executing test method  testTwo
localdev            2017-08-03 14:31:04,453 INFO **** Executing test method  testThree
localdev            2017-08-03 14:31:04,453 INFO ****************************** END TEST METHODS ****************** 
localdev            2017-08-03 14:31:04,515 INFO **** END TEST : gwservices.accelerator.testing.gunit.test.stubs.BeforeAndAfterMethodsTest*****
localdev            2017-08-03 14:31:04,515 INFO **** START TEST : gwservices.accelerator.testing.gunit.test.stubs.DoesNotExtendTestBaseTest*****
localdev            2017-08-03 14:31:04,516 INFO **** END TEST : gwservices.accelerator.testing.gunit.test.stubs.DoesNotExtendTestBaseTest*****
localdev            2017-08-03 14:31:04,516 INFO **** START TEST : gwservices.accelerator.testing.gunit.test.stubs.DoesNotHaveServerTestAnnotationTest*****
localdev            2017-08-03 14:31:04,517 INFO ****************************** START TEST METHODS ****************** 
localdev            2017-08-03 14:31:04,517 INFO **** Executing test method  testNothing
localdev            2017-08-03 14:31:04,517 INFO ****************************** END TEST METHODS ****************** 
localdev            2017-08-03 14:31:04,521 INFO **** END TEST : gwservices.accelerator.testing.gunit.test.stubs.DoesNotHaveServerTestAnnotationTest*****
localdev            2017-08-03 14:31:04,521 INFO **** START TEST : gwservices.accelerator.testing.gunit.test.stubs.MethodProtectionTest*****
localdev            2017-08-03 14:31:04,521 INFO ****************************** START TEST METHODS ****************** 
localdev            2017-08-03 14:31:04,522 INFO **** Executing test method  testMethodThatShouldRun
localdev            2017-08-03 14:31:04,522 INFO ****************************** END TEST METHODS ****************** 
localdev            2017-08-03 14:31:04,526 INFO **** END TEST : gwservices.accelerator.testing.gunit.test.stubs.MethodProtectionTest*****
localdev            2017-08-03 14:31:04,526 INFO **** START TEST : gwservices.accelerator.testing.gunit.test.stubs.MinimalAlwaysRunsTest*****
localdev            2017-08-03 14:31:04,527 INFO ****************************** START TEST METHODS ****************** 
localdev            2017-08-03 14:31:04,527 INFO **** Executing test method  testNothing
localdev            2017-08-03 14:31:04,527 INFO ****************************** END TEST METHODS ****************** 
localdev            2017-08-03 14:31:04,532 INFO **** END TEST : gwservices.accelerator.testing.gunit.test.stubs.MinimalAlwaysRunsTest*****
localdev            2017-08-03 14:31:04,532 INFO **** START TEST : gwservices.accelerator.testing.gunit.test.stubs.OnePassingTest*****
localdev            2017-08-03 14:31:04,533 INFO ****************************** START TEST METHODS ****************** 
localdev            2017-08-03 14:31:04,533 INFO **** Executing test method  testPasses
localdev            2017-08-03 14:31:04,533 INFO ****************************** END TEST METHODS ****************** 
localdev            2017-08-03 14:31:04,538 INFO **** END TEST : gwservices.accelerator.testing.gunit.test.stubs.OnePassingTest*****
localdev            2017-08-03 14:31:04,539 INFO **** START TEST : gwservices.accelerator.testing.gunit.test.stubs.SubclassTest*****
localdev            2017-08-03 14:31:04,540 INFO ****************************** START TEST METHODS ****************** 
localdev            2017-08-03 14:31:04,540 INFO **** Executing test method  testInSubclass
localdev            2017-08-03 14:31:04,540 INFO ****************************** END TEST METHODS ****************** 
localdev            2017-08-03 14:31:04,544 INFO **** END TEST : gwservices.accelerator.testing.gunit.test.stubs.SubclassTest*****
localdev            2017-08-03 14:31:04,544 INFO **** START TEST : gwservices.accelerator.testing.gunit.test.stubs.TwoPassingTest*****
localdev            2017-08-03 14:31:04,544 INFO ****************************** START TEST METHODS ****************** 
localdev            2017-08-03 14:31:04,544 INFO **** Executing test method  testOne
localdev            2017-08-03 14:31:04,544 INFO **** Executing test method  testTwo
localdev            2017-08-03 14:31:04,545 INFO ****************************** END TEST METHODS ****************** 
localdev            2017-08-03 14:31:04,551 INFO **** END TEST : gwservices.accelerator.testing.gunit.test.stubs.TwoPassingTest*****
localdev            2017-08-03 14:31:04,613 INFO **** START TEST : gwservices.accelerator.testing.gunit.test.stubs.VariousMethodsThrowExceptionsTest*****
localdev            2017-08-03 14:31:04,613 INFO ****************************** START TEST METHODS ****************** 
localdev            2017-08-03 14:31:04,614 INFO **** Executing test method  testThrowsException
localdev            2017-08-03 14:31:04,614 INFO ****************************** END TEST METHODS ****************** 
localdev            2017-08-03 14:31:04,623 INFO **** END TEST : gwservices.accelerator.testing.gunit.test.stubs.VariousMethodsThrowExceptionsTest*****
localdev            2017-08-03 14:31:04,625 INFO **** testAll END **** 
localdev            2017-08-03 14:31:04,626 INFO ********** main.MainTest ********** SUITE TEARDOWN
localdev            2017-08-03 14:31:04,628 INFO BatchProcessManager stopping...
localdev            2017-08-03 14:31:04,631 INFO BatchProcessManager stopped
localdev            2017-08-03 14:31:04,636 INFO Stopping database
localdev            2017-08-03 14:31:04,636 INFO Stopped database
localdev            2017-08-03 14:31:04,636 INFO Decreased runlevel to 'SHUTDOWN'
localdev            2017-08-03 14:31:04,750 INFO Decreased runlevel to 'GUIDEWIRE_STARTUP'
localdev            2017-08-03 14:31:04,798 INFO ***** ClaimCenter shutting down *****
localdev            2017-08-03 14:31:04,798 INFO Decreased runlevel to 'NONE'
localdev            2017-08-03 14:31:04,798 INFO ***** ClaimCenter successfully shut down *****
localdev            2017-08-03 14:31:06,176 INFO Memory usage: 292.029 MB used (both active and stale objects), 413.750 MB free, 705.781 MB total, 1979.750 MB max. --  Please read 'Memory usage logging' in the System Administration Guide for information on how to interpret these numbers.
localdev            2017-08-03 14:31:06,178 INFO Active threads: 5 (main, Test Runner, MemoryWatchdogThread, Timer-3, com.guidewire.pl.log.internal.LoggerAdapter$1@651b597d)
]]></system-out>
  <system-err><![CDATA[]]></system-err>
</testsuite>
