<?xml version="1.0" encoding="UTF-8" ?>
<testsuites>
  <testsuite errors="0" failures="0" hostname="A9ARAJEDRAN3" id="0" name="GUnitTestSuite" package="com.gwservices.test.gunit" tests="1" time="59.449" timestamp="2017-08-07T15:06:49">
      <properties>
[...]
</properties>

      <testcase classname="com.guidewire.testharness.GosuTestDelegate" name="testAll" time="59.423" />

      <system-out><![CDATA[----+++++++++++++++------------------------------------
Class com.guidewire.testharness.AbstractDatabaseTest not found - this is expected in a release build
Class com.guidewire.testharness.AbstractNewMetadataTest not found - this is expected in a release build
Will split suite 1 times and run tests on partition number 0
Looking for the devroot starting from C:\UAIC\803\CC803DBUpgrade\.
Classpath modules: [configuration]
Module path: [configuration]
Using Test Environment Delegate: com.guidewire.testharness.ConfigEnvTestEnvironmentDelegate
                    2017-08-07 11:06:50,268 INFO ********** main.MainTest ********** SUITE SETUP
                    2017-08-07 11:06:50,581 INFO Logging to org.slf4j.impl.Log4jLoggerAdapter(org.mortbay.log) via org.mortbay.log.Slf4jLog
                    2017-08-07 11:06:50,609 INFO jetty-6.1.23
                    2017-08-07 11:06:50,693 INFO NO JSP Support for /cc, did not find org.apache.jasper.servlet.JspServlet
                    2017-08-07 11:06:51,088 INFO SERVERID initialized to 'localdev'
                    2017-08-07 11:06:51,088 INFO ENV initialized to 'gtest'
                    2017-08-07 11:06:51,100 INFO Root directory is "C:\UAIC\803\CC803DBUpgrade\webapps\cc"
                    2017-08-07 11:06:51,100 INFO Temp directory is "C:\Windows\Temp\Jetty_0_0_0_0_0_cc__cc__xmw0j7"
                    2017-08-07 11:06:51,100 INFO Logging properties found at "C:\UAIC\803\CC803DBUpgrade\modules\configuration\config\logging\logging.properties"
                    2017-08-07 11:06:51,548 INFO Increasing runlevel to 'GUIDEWIRE_STARTUP'
                    2017-08-07 11:06:51,587 INFO Setup platform dependencies ...
                    2017-08-07 11:06:51,792 INFO Reading config file: C:\UAIC\803\CC803DBUpgrade\modules\configuration\config\config.xml
                    2017-08-07 11:06:51,825 INFO ENV initialized to 'gtest'
                    2017-08-07 11:06:51,998 INFO Platform dependency setup complete.
                    2017-08-07 11:06:51,998 INFO Setup application dependencies ...
                    2017-08-07 11:06:53,090 INFO CustomizableSystemClock initialized, current time is now: 1502118413087, Mon Aug 07 11:06:53 EDT 2017
                    2017-08-07 11:06:53,100 INFO Application dependency setup complete.
                    2017-08-07 11:06:53,120 INFO SERVERID initialized to 'localdev'
localdev            2017-08-07 11:06:53,132 INFO Increasing runlevel to 'SHUTDOWN'
localdev            2017-08-07 11:06:53,220 INFO OSGi temporary directory is C:\Windows\Temp\Jetty_0_0_0_0_0_cc__cc__xmw0j7\osgi_cc_rBAUHVgbc3cJG7SMeX19wNyAnx7ni53CTKV_cSF0jnnhucJ6AAAAAA__
localdev            2017-08-07 11:06:54,857 INFO Service manager started
localdev            2017-08-07 11:06:54,861 INFO Reading config file: C:\UAIC\803\CC803DBUpgrade\modules\configuration\config\config.xml
localdev            2017-08-07 11:06:54,873 WARN Unknown parameter specified (will be ignored): jdbcURLtest
localdev            2017-08-07 11:06:54,873 WARN Unknown parameter specified (will be ignored): ShouldSynchUserRolesInLDAP
localdev            2017-08-07 11:06:54,873 WARN Unknown parameter specified (will be ignored): StyleReportURL
localdev            2017-08-07 11:06:54,873 WARN Unknown parameter specified (will be ignored): StyleReportURL
localdev            2017-08-07 11:06:54,873 WARN Unknown parameter specified (will be ignored): StyleReportURL
localdev            2017-08-07 11:06:54,874 WARN Unknown parameter specified (will be ignored): StyleReportURL
localdev            2017-08-07 11:06:54,881 INFO Memory usage: 164.330 MB used (both active and stale objects), 175.766 MB free, 340.097 MB total, 1979.750 MB max. --  Please read 'Memory usage logging' in the System Administration Guide for information on how to interpret these numbers.
localdev            2017-08-07 11:07:13,375 INFO ***** ClaimCenter 8.0.3.164 (Platform 8.23.0.164) starting *****
localdev            2017-08-07 11:07:13,406 INFO Increasing runlevel to 'NODAEMONS'
localdev            2017-08-07 11:07:13,412 INFO Reading database config file: C:\UAIC\803\CC803DBUpgrade\modules\configuration\config\database-config.xml
localdev            2017-08-07 11:07:13,496 INFO Starting parse security config...
localdev            2017-08-07 11:07:13,528 INFO SecurityManager finished parsing C:\UAIC\803\CC803DBUpgrade\modules\configuration\config\security\security-config.xml
localdev            2017-08-07 11:07:13,551 INFO C:\UAIC\803\CC803DBUpgrade\modules\configuration\config\security\security-config.xml:367- creating permission keys on SubrogationCaseExt to add key for own
localdev            2017-08-07 11:07:13,611 INFO C:\UAIC\803\CC803DBUpgrade\modules\configuration\config\security\security-config.xml:373- creating permission keys on MMCaseExt to add key for own
localdev            2017-08-07 11:07:13,611 INFO Finished security config.
localdev            2017-08-07 11:07:13,612 INFO Starting database ClaimCenterDatabase on env gtest
localdev            2017-08-07 11:07:13,780 INFO JDBC Driver: com.microsoft.sqlserver.jdbc.SQLServerDriver, major version: 4, minor version: 0
localdev            2017-08-07 11:07:15,396 INFO Marking connection for death (dummy): Throw away connection
localdev            2017-08-07 11:07:15,396 INFO Connection no longer valid. Being discarded.
localdev            2017-08-07 11:07:15,828 INFO Validating main database connections have all required properties
localdev            2017-08-07 11:07:15,851 INFO This database version is SUPPORTED. Earliest supported database version is (11.00.3000).  Actual database version is (11.00.5343)
localdev            2017-08-07 11:07:16,461 INFO Unicode columns not being used.
localdev            2017-08-07 11:07:20,390 INFO Checking if existing database version is current...
localdev            2017-08-07 11:07:20,407 INFO Datamodel version (5, 86, 10, 196) is up to date.
localdev            2017-08-07 11:07:20,420 INFO JDBC Driver: com.microsoft.sqlserver.jdbc.SQLServerDriver, major version: 4, minor version: 0
localdev            2017-08-07 11:07:20,455 INFO Executing SQL Server select statement: declare @regreader int, @SmoDefaultFile nvarchar(4000)
exec @regreader = master.dbo.xp_instance_regread
     N'HKEY_LOCAL_MACHINE',
     N'Software\Microsoft\MSSQLServer\MSSQLServer',
     N'DefaultData',
    @SmoDefaultFile  output, 'no_output'
select @SmoDefaultFile AS InstallationDirectory
localdev            2017-08-07 11:07:20,574 INFO Executing SQL Server select statement: SELECT SUBSTRING(physical_name, 1, CHARINDEX(N'master.mdf', LOWER(physical_name)) - 1) FROM master.sys.master_files WHERE database_id = 1 AND file_id = 1
localdev            2017-08-07 11:07:20,598 INFO Executing SQL Server select statement: SELECT convert(varchar, compatibility_level) FROM sys.databases where database_id = 1
localdev            2017-08-07 11:07:20,678 INFO Restoring database from shadow from dataset: ...
localdev            2017-08-07 11:07:20,681 INFO Restoring tables for test harness using dataset 
localdev            2017-08-07 11:07:24,961 INFO Done restoring from shadow tables in 4283 milliseconds.
localdev            2017-08-07 11:07:24,967 INFO Database reset
localdev            2017-08-07 11:07:24,971 INFO Caches flushed
localdev            2017-08-07 11:07:25,148 INFO Database started
localdev            2017-08-07 11:07:25,210 INFO GlobalRandomSource#INITIAL_SEED = 1502118445210
localdev            2017-08-07 11:07:27,278 INFO Running tests: Global cache reaper thread not started.
localdev            2017-08-07 11:07:27,454 INFO Parsing C:\UAIC\803\CC803DBUpgrade\modules\configuration\config\messaging\messaging-config.xml
localdev            2017-08-07 11:07:27,461 INFO ENV initialized to 'gtest'
localdev            2017-08-07 11:07:28,343 INFO Zone config defined for countries [CA, US]
localdev            2017-08-07 11:07:28,347 WARN The following country codes are configured zones but have not been loaded: [CA, US]
localdev            2017-08-07 11:07:28,368 INFO Address config defined for country code US
localdev            2017-08-07 11:07:28,374 INFO Address config defined for country code CA
localdev            2017-08-07 11:07:28,527 INFO BatchProcessManager starting...
localdev            2017-08-07 11:07:28,529 INFO BatchProcessManager started
localdev            2017-08-07 11:07:28,534 INFO DistributedWorkerConfig parsing of C:\UAIC\803\CC803DBUpgrade\modules\configuration\config\workqueue\work-queue.xml
localdev            2017-08-07 11:07:28,561 WARN Work queue class com.guidewire.pl.domain.archiving.ArchiveWorkQueue is defined but archiving is not enabled.
localdev            2017-08-07 11:07:29,345 INFO Archiving is not enabled
localdev            2017-08-07 11:07:29,354 INFO Parsing C:\UAIC\803\CC803DBUpgrade\modules\configuration\config\integration\inbound-integration-config.xml
localdev            2017-08-07 11:07:30,404 INFO Document Management resources path /jnlp/gw/documentassistant/pl-documentassistant-applet__V8.2.2.jar URL jar:file:/C:/UAIC/803/CC803DBUpgrade/webapps/cc/jnlp/gw/documentassistant/pl-documentassistant-applet__V8.2.2.jar!/documentassistant/
localdev            2017-08-07 11:07:30,406 INFO Document Management resources path /jnlp/gw/documentassistant/pl-documentassistant-resources__V8.2.2.jar URL jar:file:/C:/UAIC/803/CC803DBUpgrade/webapps/cc/jnlp/gw/documentassistant/pl-documentassistant-resources__V8.2.2.jar!/documentassistant/
localdev            2017-08-07 11:07:43,555 WARN Workflow subtype "Example Workflow" is defined to be non-external, but either no script is defined, or the script failed to parse.  Please check the logs for any parsing failures.
localdev            2017-08-07 11:07:45,416 WARN PolicyType auto_comm is not listed within any <LimitUsedDef> element in aggregatelimitused-config.xml and will not have an Aggregate Limits screen
localdev            2017-08-07 11:07:45,416 WARN PolicyType auto_per is not listed within any <LimitUsedDef> element in aggregatelimitused-config.xml and will not have an Aggregate Limits screen
localdev            2017-08-07 11:07:45,416 WARN 
localdev            2017-08-07 11:07:45,416 WARN !!! The server is in "development" mode. This mode should never be used for a production server.
localdev            2017-08-07 11:07:45,416 WARN 
localdev            2017-08-07 11:07:45,416 WARN 
localdev            2017-08-07 11:07:45,416 WARN !!! The server is using the Dynamic Code Evolution JVM.  This JVM is not recommended for a production server.
localdev            2017-08-07 11:07:45,416 WARN 
localdev            2017-08-07 11:07:45,422 INFO ***** ClaimCenter ready *****
localdev            2017-08-07 11:07:45,430 INFO com.guidewire.cc.system.integration.messaging.iso.ISOReceive initializing
localdev            2017-08-07 11:07:45,460 INFO Started SelectChannelConnector@0.0.0.0:59914
localdev            2017-08-07 11:07:45,891 INFO ********** main.MainTest ********** SUITE SETUP OK
localdev            2017-08-07 11:07:45,899 INFO **** testAll START **** 
localdev            2017-08-07 11:07:46,273 INFO **** START TEST : gwservices.accelerator.testing.gunit.GUnitTest*****
localdev            2017-08-07 11:07:46,328 INFO ****************************** START TEST METHODS ****************** 
localdev            2017-08-07 11:07:46,328 INFO **** Executing test method  testNothing
localdev            2017-08-07 11:07:46,328 INFO ****************************** END TEST METHODS ****************** 
localdev            2017-08-07 11:07:46,351 INFO **** END TEST : gwservices.accelerator.testing.gunit.GUnitTest*****
localdev            2017-08-07 11:07:46,356 INFO **** START TEST : gwservices.accelerator.testing.gunit.ISlowTest*****
localdev            2017-08-07 11:07:46,357 INFO **** END TEST : gwservices.accelerator.testing.gunit.ISlowTest*****
localdev            2017-08-07 11:07:46,361 INFO **** START TEST : gwservices.accelerator.testing.gunit.SlowTest*****
localdev            2017-08-07 11:07:46,367 INFO **** END TEST : gwservices.accelerator.testing.gunit.SlowTest*****
localdev            2017-08-07 11:07:46,418 INFO **** START TEST : gwservices.accelerator.testing.gunit.test.AbstractBaseAndSubclassTest*****
localdev            2017-08-07 11:07:46,632 INFO ****************************** START TEST METHODS ****************** 
localdev            2017-08-07 11:07:46,653 INFO **** Executing test method  testSequenceOfSuperAndSubclassMethodCalls
localdev            2017-08-07 11:07:46,746 INFO ****************************** END TEST METHODS ****************** 
localdev            2017-08-07 11:07:46,766 INFO **** END TEST : gwservices.accelerator.testing.gunit.test.AbstractBaseAndSubclassTest*****
localdev            2017-08-07 11:07:46,772 INFO **** START TEST : gwservices.accelerator.testing.gunit.test.BeforeAndAfterMethodsTestTest*****
localdev            2017-08-07 11:07:46,868 INFO ****************************** START TEST METHODS ****************** 
localdev            2017-08-07 11:07:46,910 INFO **** Executing test method  testMethodsCalledInExpectedOrder
localdev            2017-08-07 11:07:46,914 INFO **** Executing test method  testInstances
localdev            2017-08-07 11:07:46,919 INFO ****************************** END TEST METHODS ****************** 
localdev            2017-08-07 11:07:46,922 INFO **** END TEST : gwservices.accelerator.testing.gunit.test.BeforeAndAfterMethodsTestTest*****
localdev            2017-08-07 11:07:46,924 INFO **** START TEST : gwservices.accelerator.testing.gunit.test.MethodProtectionTestTest*****
localdev            2017-08-07 11:07:46,986 INFO ****************************** START TEST METHODS ****************** 
localdev            2017-08-07 11:07:46,986 INFO **** Executing test method  testMethodsRunInATest
localdev            2017-08-07 11:07:47,039 INFO ****************************** END TEST METHODS ****************** 
localdev            2017-08-07 11:07:47,045 INFO **** END TEST : gwservices.accelerator.testing.gunit.test.MethodProtectionTestTest*****
localdev            2017-08-07 11:07:47,053 INFO **** START TEST : gwservices.accelerator.testing.gunit.test.RunlevelTest*****
localdev            2017-08-07 11:07:47,169 INFO ****************************** START TEST METHODS ****************** 
localdev            2017-08-07 11:07:47,188 INFO **** Executing test method  testCaptureWebServerStartupMessages
localdev            2017-08-07 11:07:47,189 INFO **** Executing test method  testRunlevelNONE
localdev            2017-08-07 11:07:47,413 INFO **** Executing test method  testRunlevelGUIDEWIRE_STARTUP
localdev            2017-08-07 11:07:47,416 INFO **** Executing test method  testRunlevelSHUTDOWN
localdev            2017-08-07 11:07:47,419 INFO **** Executing test method  testRunlevelNODAEMONS
localdev            2017-08-07 11:07:47,423 INFO **** Executing test method  testRunlevelDAEMONS
localdev            2017-08-07 11:07:47,430 INFO **** Executing test method  testRunlevelMULTIUSER
localdev            2017-08-07 11:07:47,434 INFO **** Executing test method  testCaptureWebServerShutdownMessages
localdev            2017-08-07 11:07:47,434 INFO ****************************** END TEST METHODS ****************** 
localdev            2017-08-07 11:07:47,438 INFO **** END TEST : gwservices.accelerator.testing.gunit.test.RunlevelTest*****
localdev            2017-08-07 11:07:47,443 INFO **** START TEST : gwservices.accelerator.testing.gunit.test.TestConstantsTest*****
localdev            2017-08-07 11:07:47,457 INFO ****************************** START TEST METHODS ****************** 
localdev            2017-08-07 11:07:47,457 INFO **** Executing test method  test_PROJECT_ROOT_DIRECTORY_PATH_value
localdev            2017-08-07 11:07:47,457 INFO **** Executing test method  test_MODULES_DIRECTORY_PATH_value
localdev            2017-08-07 11:07:47,458 INFO **** Executing test method  test_MODULES_CONFIGURATION_DIRECTORY_PATH_value
localdev            2017-08-07 11:07:47,458 INFO ****************************** END TEST METHODS ****************** 
localdev            2017-08-07 11:07:47,464 INFO **** END TEST : gwservices.accelerator.testing.gunit.test.TestConstantsTest*****
localdev            2017-08-07 11:07:47,466 INFO **** START TEST : gwservices.accelerator.testing.gunit.test.TestMethodsThatShouldNotBeCalledTest*****
localdev            2017-08-07 11:07:47,480 INFO ****************************** START TEST METHODS ****************** 
localdev            2017-08-07 11:07:47,480 INFO **** Executing test method  testNothing
localdev            2017-08-07 11:07:47,480 INFO ****************************** END TEST METHODS ****************** 
localdev            2017-08-07 11:07:47,483 INFO **** END TEST : gwservices.accelerator.testing.gunit.test.TestMethodsThatShouldNotBeCalledTest*****
localdev            2017-08-07 11:07:47,486 INFO **** START TEST : gwservices.accelerator.testing.gunit.test.TextTestRunnerTest*****
localdev            2017-08-07 11:07:47,625 INFO ****************************** START TEST METHODS ****************** 
localdev            2017-08-07 11:07:47,625 INFO **** Executing test method  test_PATH_TO_GTEST_DIR_value
localdev            2017-08-07 11:07:47,625 INFO **** Executing test method  testRunAllTests
localdev            2017-08-07 11:07:48,072 INFO **** Executing test method  testRunTestInPackage
localdev            2017-08-07 11:07:48,075 INFO **** Executing test method  testClassNameDoesNotEndWith_Test
localdev            2017-08-07 11:07:48,078 INFO **** Executing test method  testClassDoesNotExtend_TestBase_Class
localdev            2017-08-07 11:07:48,080 INFO **** Executing test method  testClassDoesNotHave_ServerTest_Annotation
localdev            2017-08-07 11:07:48,083 INFO **** Executing test method  testAbstractBaseAndSubclassTest
localdev            2017-08-07 11:07:48,086 INFO **** Executing test method  testOnePassingTest
localdev            2017-08-07 11:07:48,086 INFO **** Executing test method  testTwoPassingTests
localdev            2017-08-07 11:07:48,087 INFO **** Executing test method  testHasNoTestMethods
localdev            2017-08-07 11:07:48,096 INFO ****************************** END TEST METHODS ****************** 
localdev            2017-08-07 11:07:48,099 INFO **** END TEST : gwservices.accelerator.testing.gunit.test.TextTestRunnerTest*****
localdev            2017-08-07 11:07:48,099 INFO **** START TEST : gwservices.accelerator.testing.gunit.test.VariousMethodsThrowExceptionsTestTest*****
localdev            2017-08-07 11:07:48,099 INFO ****************************** START TEST METHODS ****************** 
localdev            2017-08-07 11:07:48,099 INFO **** Executing test method  testBeforeClassMethodThrowsException
localdev            2017-08-07 11:07:48,103 INFO **** Executing test method  testBeforeMethodMethodThrowsException
localdev            2017-08-07 11:07:48,107 INFO **** Executing test method  testMainTestMethodAndAllAfterMethodsThrowExceptions
localdev            2017-08-07 11:07:48,111 INFO **** Executing test method  testOnlyAfterMethodsThrowExceptions
localdev            2017-08-07 11:07:48,114 INFO **** Executing test method  testAfterClassMethodThrowsException
localdev            2017-08-07 11:07:48,119 INFO ****************************** END TEST METHODS ****************** 
localdev            2017-08-07 11:07:48,125 INFO **** END TEST : gwservices.accelerator.testing.gunit.test.VariousMethodsThrowExceptionsTestTest*****
localdev            2017-08-07 11:07:48,126 INFO **** START TEST : gwservices.accelerator.testing.gunit.test.runlevel.RunlevelDaemonsTest*****
localdev            2017-08-07 11:07:48,127 INFO ****************************** START TEST METHODS ****************** 
localdev            2017-08-07 11:07:48,127 INFO **** Executing test method  testMethodToRun
localdev            2017-08-07 11:07:48,127 INFO ****************************** END TEST METHODS ****************** 
localdev            2017-08-07 11:07:48,130 INFO **** END TEST : gwservices.accelerator.testing.gunit.test.runlevel.RunlevelDaemonsTest*****
localdev            2017-08-07 11:07:48,130 INFO **** START TEST : gwservices.accelerator.testing.gunit.test.runlevel.RunlevelDefaultTest*****
localdev            2017-08-07 11:07:48,130 INFO ****************************** START TEST METHODS ****************** 
localdev            2017-08-07 11:07:48,130 INFO **** Executing test method  testMethodToRun
localdev            2017-08-07 11:07:48,130 INFO ****************************** END TEST METHODS ****************** 
localdev            2017-08-07 11:07:48,134 INFO **** END TEST : gwservices.accelerator.testing.gunit.test.runlevel.RunlevelDefaultTest*****
localdev            2017-08-07 11:07:48,134 INFO **** START TEST : gwservices.accelerator.testing.gunit.test.runlevel.RunlevelGuidewireStartupTest*****
localdev            2017-08-07 11:07:48,134 INFO ****************************** START TEST METHODS ****************** 
localdev            2017-08-07 11:07:48,134 INFO **** Executing test method  testMethodToRun
localdev            2017-08-07 11:07:48,134 INFO ****************************** END TEST METHODS ****************** 
localdev            2017-08-07 11:07:48,138 INFO **** END TEST : gwservices.accelerator.testing.gunit.test.runlevel.RunlevelGuidewireStartupTest*****
localdev            2017-08-07 11:07:48,138 INFO **** START TEST : gwservices.accelerator.testing.gunit.test.runlevel.RunlevelMultiUserTest*****
localdev            2017-08-07 11:07:48,138 INFO ****************************** START TEST METHODS ****************** 
localdev            2017-08-07 11:07:48,138 INFO **** Executing test method  testMethodToRun
localdev            2017-08-07 11:07:48,139 INFO ****************************** END TEST METHODS ****************** 
localdev            2017-08-07 11:07:48,143 INFO **** END TEST : gwservices.accelerator.testing.gunit.test.runlevel.RunlevelMultiUserTest*****
localdev            2017-08-07 11:07:48,184 INFO **** START TEST : gwservices.accelerator.testing.gunit.test.runlevel.RunlevelNoDaemonsTest*****
localdev            2017-08-07 11:07:48,185 INFO ****************************** START TEST METHODS ****************** 
localdev            2017-08-07 11:07:48,185 INFO **** Executing test method  testMethodToRun
localdev            2017-08-07 11:07:48,185 INFO ****************************** END TEST METHODS ****************** 
localdev            2017-08-07 11:07:48,193 INFO **** END TEST : gwservices.accelerator.testing.gunit.test.runlevel.RunlevelNoDaemonsTest*****
localdev            2017-08-07 11:07:48,193 INFO **** START TEST : gwservices.accelerator.testing.gunit.test.runlevel.RunlevelNoneTest*****
localdev            2017-08-07 11:07:48,194 INFO ****************************** START TEST METHODS ****************** 
localdev            2017-08-07 11:07:48,194 INFO **** Executing test method  testMethodToRun
localdev            2017-08-07 11:07:48,194 INFO ****************************** END TEST METHODS ****************** 
localdev            2017-08-07 11:07:48,201 INFO **** END TEST : gwservices.accelerator.testing.gunit.test.runlevel.RunlevelNoneTest*****
localdev            2017-08-07 11:07:48,201 INFO **** START TEST : gwservices.accelerator.testing.gunit.test.runlevel.RunlevelShutdownTest*****
localdev            2017-08-07 11:07:48,202 INFO ****************************** START TEST METHODS ****************** 
localdev            2017-08-07 11:07:48,202 INFO **** Executing test method  testMethodToRun
localdev            2017-08-07 11:07:48,202 INFO ****************************** END TEST METHODS ****************** 
localdev            2017-08-07 11:07:48,209 INFO **** END TEST : gwservices.accelerator.testing.gunit.test.runlevel.RunlevelShutdownTest*****
localdev            2017-08-07 11:07:48,213 INFO **** START TEST : gwservices.accelerator.testing.gunit.test.stubs.AbstractBaseClassTest*****
localdev            2017-08-07 11:07:48,213 INFO **** END TEST : gwservices.accelerator.testing.gunit.test.stubs.AbstractBaseClassTest*****
localdev            2017-08-07 11:07:48,213 INFO **** START TEST : gwservices.accelerator.testing.gunit.test.stubs.BeforeAndAfterMethodsTest*****
localdev            2017-08-07 11:07:48,213 INFO ****************************** START TEST METHODS ****************** 
localdev            2017-08-07 11:07:48,213 INFO **** Executing test method  testOne
localdev            2017-08-07 11:07:48,214 INFO **** Executing test method  testTwo
localdev            2017-08-07 11:07:48,214 INFO **** Executing test method  testThree
localdev            2017-08-07 11:07:48,214 INFO ****************************** END TEST METHODS ****************** 
localdev            2017-08-07 11:07:48,219 INFO **** END TEST : gwservices.accelerator.testing.gunit.test.stubs.BeforeAndAfterMethodsTest*****
localdev            2017-08-07 11:07:48,219 INFO **** START TEST : gwservices.accelerator.testing.gunit.test.stubs.DoesNotExtendTestBaseTest*****
localdev            2017-08-07 11:07:48,219 INFO **** END TEST : gwservices.accelerator.testing.gunit.test.stubs.DoesNotExtendTestBaseTest*****
localdev            2017-08-07 11:07:48,219 INFO **** START TEST : gwservices.accelerator.testing.gunit.test.stubs.DoesNotHaveServerTestAnnotationTest*****
localdev            2017-08-07 11:07:48,220 INFO ****************************** START TEST METHODS ****************** 
localdev            2017-08-07 11:07:48,220 INFO **** Executing test method  testNothing
localdev            2017-08-07 11:07:48,220 INFO ****************************** END TEST METHODS ****************** 
localdev            2017-08-07 11:07:48,224 INFO **** END TEST : gwservices.accelerator.testing.gunit.test.stubs.DoesNotHaveServerTestAnnotationTest*****
localdev            2017-08-07 11:07:48,224 INFO **** START TEST : gwservices.accelerator.testing.gunit.test.stubs.MethodProtectionTest*****
localdev            2017-08-07 11:07:48,225 INFO ****************************** START TEST METHODS ****************** 
localdev            2017-08-07 11:07:48,225 INFO **** Executing test method  testMethodThatShouldRun
localdev            2017-08-07 11:07:48,225 INFO ****************************** END TEST METHODS ****************** 
localdev            2017-08-07 11:07:48,230 INFO **** END TEST : gwservices.accelerator.testing.gunit.test.stubs.MethodProtectionTest*****
localdev            2017-08-07 11:07:48,230 INFO **** START TEST : gwservices.accelerator.testing.gunit.test.stubs.MinimalAlwaysRunsTest*****
localdev            2017-08-07 11:07:48,290 INFO ****************************** START TEST METHODS ****************** 
localdev            2017-08-07 11:07:48,290 INFO **** Executing test method  testNothing
localdev            2017-08-07 11:07:48,290 INFO ****************************** END TEST METHODS ****************** 
localdev            2017-08-07 11:07:48,301 INFO **** END TEST : gwservices.accelerator.testing.gunit.test.stubs.MinimalAlwaysRunsTest*****
localdev            2017-08-07 11:07:48,301 INFO **** START TEST : gwservices.accelerator.testing.gunit.test.stubs.OnePassingTest*****
localdev            2017-08-07 11:07:48,302 INFO ****************************** START TEST METHODS ****************** 
localdev            2017-08-07 11:07:48,302 INFO **** Executing test method  testPasses
localdev            2017-08-07 11:07:48,302 INFO ****************************** END TEST METHODS ****************** 
localdev            2017-08-07 11:07:48,308 INFO **** END TEST : gwservices.accelerator.testing.gunit.test.stubs.OnePassingTest*****
localdev            2017-08-07 11:07:48,309 INFO **** START TEST : gwservices.accelerator.testing.gunit.test.stubs.SubclassTest*****
localdev            2017-08-07 11:07:48,309 INFO ****************************** START TEST METHODS ****************** 
localdev            2017-08-07 11:07:48,310 INFO **** Executing test method  testInSubclass
localdev            2017-08-07 11:07:48,310 INFO ****************************** END TEST METHODS ****************** 
localdev            2017-08-07 11:07:48,317 INFO **** END TEST : gwservices.accelerator.testing.gunit.test.stubs.SubclassTest*****
localdev            2017-08-07 11:07:48,317 INFO **** START TEST : gwservices.accelerator.testing.gunit.test.stubs.TwoPassingTest*****
localdev            2017-08-07 11:07:48,318 INFO ****************************** START TEST METHODS ****************** 
localdev            2017-08-07 11:07:48,318 INFO **** Executing test method  testOne
localdev            2017-08-07 11:07:48,319 INFO **** Executing test method  testTwo
localdev            2017-08-07 11:07:48,319 INFO ****************************** END TEST METHODS ****************** 
localdev            2017-08-07 11:07:48,325 INFO **** END TEST : gwservices.accelerator.testing.gunit.test.stubs.TwoPassingTest*****
localdev            2017-08-07 11:07:48,326 INFO **** START TEST : gwservices.accelerator.testing.gunit.test.stubs.VariousMethodsThrowExceptionsTest*****
localdev            2017-08-07 11:07:48,327 INFO ****************************** START TEST METHODS ****************** 
localdev            2017-08-07 11:07:48,327 INFO **** Executing test method  testThrowsException
localdev            2017-08-07 11:07:48,327 INFO ****************************** END TEST METHODS ****************** 
localdev            2017-08-07 11:07:48,333 INFO **** END TEST : gwservices.accelerator.testing.gunit.test.stubs.VariousMethodsThrowExceptionsTest*****
localdev            2017-08-07 11:07:48,335 INFO **** testAll END **** 
localdev            2017-08-07 11:07:48,336 INFO ********** main.MainTest ********** SUITE TEARDOWN
localdev            2017-08-07 11:07:48,339 INFO BatchProcessManager stopping...
localdev            2017-08-07 11:07:48,341 INFO BatchProcessManager stopped
localdev            2017-08-07 11:07:48,345 INFO Stopping database
localdev            2017-08-07 11:07:48,345 INFO Stopped database
localdev            2017-08-07 11:07:48,346 INFO Decreased runlevel to 'SHUTDOWN'
localdev            2017-08-07 11:07:48,471 INFO Decreased runlevel to 'GUIDEWIRE_STARTUP'
localdev            2017-08-07 11:07:48,498 INFO ***** ClaimCenter shutting down *****
localdev            2017-08-07 11:07:48,498 INFO Decreased runlevel to 'NONE'
localdev            2017-08-07 11:07:48,498 INFO ***** ClaimCenter successfully shut down *****
localdev            2017-08-07 11:07:49,388 INFO Memory usage: 293.922 MB used (both active and stale objects), 415.064 MB free, 708.988 MB total, 1979.750 MB max. --  Please read 'Memory usage logging' in the System Administration Guide for information on how to interpret these numbers.
localdev            2017-08-07 11:07:49,388 INFO Active threads: 5 (main, Test Runner, MemoryWatchdogThread, Timer-3, com.guidewire.pl.log.internal.LoggerAdapter$1@5e1a2768)
]]></system-out>

      <system-err><![CDATA[]]></system-err>

  </testsuite>
  <testsuite errors="0" failures="0" id="1" name="GUnitTest" package="gwservices.accelerator.testing.gunit" tests="1" time="0.052" timestamp="Mon Aug 07 11:07:46 EDT 2017">
    <testcase classname="null(gwservices.accelerator.testing.gunit.GUnitTest)" name="testNothing" time="0.0" />
  </testsuite>
  <testsuite errors="0" failures="0" id="2" name="RunlevelDaemonsTest" package="gwservices.accelerator.testing.gunit.test.runlevel" tests="1" time="0.001" timestamp="Mon Aug 07 11:07:48 EDT 2017">
    <testcase classname="null(gwservices.accelerator.testing.gunit.test.runlevel.RunlevelDaemonsTest)" name="testMethodToRun" time="0.0" />
  </testsuite>
  <testsuite errors="0" failures="0" id="3" name="RunlevelDefaultTest" package="gwservices.accelerator.testing.gunit.test.runlevel" tests="1" time="0.0" timestamp="Mon Aug 07 11:07:48 EDT 2017">
    <testcase classname="null(gwservices.accelerator.testing.gunit.test.runlevel.RunlevelDefaultTest)" name="testMethodToRun" time="0.0" />
  </testsuite>
  <testsuite errors="0" failures="0" id="4" name="RunlevelGuidewireStartupTest" package="gwservices.accelerator.testing.gunit.test.runlevel" tests="1" time="0.0" timestamp="Mon Aug 07 11:07:48 EDT 2017">
    <testcase classname="null(gwservices.accelerator.testing.gunit.test.runlevel.RunlevelGuidewireStartupTest)" name="testMethodToRun" time="0.0" />
  </testsuite>
  <testsuite errors="0" failures="0" id="5" name="RunlevelMultiUserTest" package="gwservices.accelerator.testing.gunit.test.runlevel" tests="1" time="0.001" timestamp="Mon Aug 07 11:07:48 EDT 2017">
    <testcase classname="null(gwservices.accelerator.testing.gunit.test.runlevel.RunlevelMultiUserTest)" name="testMethodToRun" time="0.0" />
  </testsuite>
  <testsuite errors="0" failures="0" id="6" name="RunlevelNoDaemonsTest" package="gwservices.accelerator.testing.gunit.test.runlevel" tests="1" time="0.001" timestamp="Mon Aug 07 11:07:48 EDT 2017">
    <testcase classname="null(gwservices.accelerator.testing.gunit.test.runlevel.RunlevelNoDaemonsTest)" name="testMethodToRun" time="0.0" />
  </testsuite>
  <testsuite errors="0" failures="0" id="7" name="RunlevelNoneTest" package="gwservices.accelerator.testing.gunit.test.runlevel" tests="1" time="0.001" timestamp="Mon Aug 07 11:07:48 EDT 2017">
    <testcase classname="null(gwservices.accelerator.testing.gunit.test.runlevel.RunlevelNoneTest)" name="testMethodToRun" time="0.0" />
  </testsuite>
  <testsuite errors="0" failures="0" id="8" name="RunlevelShutdownTest" package="gwservices.accelerator.testing.gunit.test.runlevel" tests="1" time="0.002" timestamp="Mon Aug 07 11:07:48 EDT 2017">
    <testcase classname="null(gwservices.accelerator.testing.gunit.test.runlevel.RunlevelShutdownTest)" name="testMethodToRun" time="0.0" />
  </testsuite>
  <testsuite errors="0" failures="0" id="9" name="BeforeAndAfterMethodsTest" package="gwservices.accelerator.testing.gunit.test.stubs" tests="3" time="0.001" timestamp="Mon Aug 07 11:07:48 EDT 2017">
    <testcase classname="null(gwservices.accelerator.testing.gunit.test.stubs.BeforeAndAfterMethodsTest)" name="testOne" time="0.001" />
    <testcase classname="null(gwservices.accelerator.testing.gunit.test.stubs.BeforeAndAfterMethodsTest)" name="testTwo" time="0.0" />
    <testcase classname="null(gwservices.accelerator.testing.gunit.test.stubs.BeforeAndAfterMethodsTest)" name="testThree" time="0.0" />
  </testsuite>
  <testsuite errors="0" failures="0" id="10" name="DoesNotHaveServerTestAnnotationTest" package="gwservices.accelerator.testing.gunit.test.stubs" tests="1" time="0.001" timestamp="Mon Aug 07 11:07:48 EDT 2017">
    <testcase classname="null(gwservices.accelerator.testing.gunit.test.stubs.DoesNotHaveServerTestAnnotationTest)" name="testNothing" time="0.0" />
  </testsuite>
  <testsuite errors="0" failures="0" id="11" name="MethodProtectionTest" package="gwservices.accelerator.testing.gunit.test.stubs" tests="1" time="0.001" timestamp="Mon Aug 07 11:07:48 EDT 2017">
    <testcase classname="null(gwservices.accelerator.testing.gunit.test.stubs.MethodProtectionTest)" name="testMethodThatShouldRun" time="0.0" />
  </testsuite>
  <testsuite errors="0" failures="0" id="12" name="AbstractBaseAndSubclassTest" package="gwservices.accelerator.testing.gunit.test" tests="1" time="0.326" timestamp="Mon Aug 07 11:07:46 EDT 2017">
    <testcase classname="null(gwservices.accelerator.testing.gunit.test.AbstractBaseAndSubclassTest)" name="testSequenceOfSuperAndSubclassMethodCalls" time="0.114" />
  </testsuite>
  <testsuite errors="0" failures="0" id="13" name="MinimalAlwaysRunsTest" package="gwservices.accelerator.testing.gunit.test.stubs" tests="1" time="0.003" timestamp="Mon Aug 07 11:07:48 EDT 2017">
    <testcase classname="null(gwservices.accelerator.testing.gunit.test.stubs.MinimalAlwaysRunsTest)" name="testNothing" time="0.0" />
  </testsuite>
  <testsuite errors="0" failures="0" id="14" name="OnePassingTest" package="gwservices.accelerator.testing.gunit.test.stubs" tests="1" time="0.001" timestamp="Mon Aug 07 11:07:48 EDT 2017">
    <testcase classname="null(gwservices.accelerator.testing.gunit.test.stubs.OnePassingTest)" name="testPasses" time="0.0" />
  </testsuite>
  <testsuite errors="0" failures="0" id="15" name="SubclassTest" package="gwservices.accelerator.testing.gunit.test.stubs" tests="1" time="0.001" timestamp="Mon Aug 07 11:07:48 EDT 2017">
    <testcase classname="null(gwservices.accelerator.testing.gunit.test.stubs.SubclassTest)" name="testInSubclass" time="0.001" />
  </testsuite>
  <testsuite errors="0" failures="0" id="16" name="TwoPassingTest" package="gwservices.accelerator.testing.gunit.test.stubs" tests="2" time="0.002" timestamp="Mon Aug 07 11:07:48 EDT 2017">
    <testcase classname="null(gwservices.accelerator.testing.gunit.test.stubs.TwoPassingTest)" name="testOne" time="0.0" />
    <testcase classname="null(gwservices.accelerator.testing.gunit.test.stubs.TwoPassingTest)" name="testTwo" time="0.0" />
  </testsuite>
  <testsuite errors="0" failures="0" id="17" name="VariousMethodsThrowExceptionsTest" package="gwservices.accelerator.testing.gunit.test.stubs" tests="1" time="0.001" timestamp="Mon Aug 07 11:07:48 EDT 2017">
    <testcase classname="null(gwservices.accelerator.testing.gunit.test.stubs.VariousMethodsThrowExceptionsTest)" name="testThrowsException" time="0.0" />
  </testsuite>
  <testsuite errors="0" failures="0" id="18" name="BeforeAndAfterMethodsTestTest" package="gwservices.accelerator.testing.gunit.test" tests="2" time="0.145" timestamp="Mon Aug 07 11:07:46 EDT 2017">
    <testcase classname="null(gwservices.accelerator.testing.gunit.test.BeforeAndAfterMethodsTestTest)" name="testMethodsCalledInExpectedOrder" time="0.046" />
    <testcase classname="null(gwservices.accelerator.testing.gunit.test.BeforeAndAfterMethodsTestTest)" name="testInstances" time="0.001" />
  </testsuite>
  <testsuite errors="1" failures="0" id="19" name="MethodProtectionTestTest" package="gwservices.accelerator.testing.gunit.test" tests="1" time="0.099" timestamp="Mon Aug 07 11:07:47 EDT 2017">
    <testcase classname="null(gwservices.accelerator.testing.gunit.test.MethodProtectionTestTest)" name="testMethodsRunInATest" time="0.052">
      <error message="junit.framework.ComparisonFailure: expected:&lt;...tMethodThatShouldRun[1]]&gt; but was:&lt;...tMethodThatShouldRun[]]&gt;  at junit.framework.Assert.assertEquals(Assert.java:100)  at junit.framework.Assert.assertEquals(Assert.java:107)  at junit.framework.TestCase.assertEquals(TestCase.java:269)  at gwservices.accelerator.testing.gunit.test.MethodProtectionTestTest.testMethodsRunInATest(MethodProtectionTestTest.gs:19)  at sun.reflect.NativeMethodAccessorImpl.invoke0(Native Method)  at sun.reflect.NativeMethodAccessorImpl.invoke(NativeMethodAccessorImpl.java:57)  at sun.reflect.DelegatingMethodAccessorImpl.invoke(DelegatingMethodAccessorImpl.java:43)  at java.lang.reflect.Method.invoke(Method.java:606)  at gw.internal.gosu.parser.GosuMethodInfo$GosuMethodCallHandler.handleCall(GosuMethodInfo.java:275)  at main.MainTest.runTestMethods(MainTest.gs:108)  at main.MainTest.runAllTestsInClass(MainTest.gs:204)  at main.MainTest.runClass(MainTest.gs:262)  at main.MainTest.runTests(MainTest.gs:294)  at main.MainTest$block_6_.invoke(MainTest.gs:308)  at gw.lang.enhancements.CoreArrayEnhancement.each(CoreArrayEnhancement.gsx:236)  at main.MainTest.runTests(MainTest.gs:306)  at main.MainTest$block_6_.invoke(MainTest.gs:308)  at gw.lang.enhancements.CoreArrayEnhancement.each(CoreArrayEnhancement.gsx:236)  at main.MainTest.runTests(MainTest.gs:306)  at main.MainTest$block_6_.invoke(MainTest.gs:308)  at gw.lang.enhancements.CoreArrayEnhancement.each(CoreArrayEnhancement.gsx:236)  at main.MainTest.runTests(MainTest.gs:306)  at main.MainTest$block_6_.invoke(MainTest.gs:308)  at gw.lang.enhancements.CoreArrayEnhancement.each(CoreArrayEnhancement.gsx:236)  at main.MainTest.runTests(MainTest.gs:306)  at main.MainTest.testAll(MainTest.gs:348)  at sun.reflect.NativeMethodAccessorImpl.invoke0(Native Method)  at sun.reflect.NativeMethodAccessorImpl.invoke(NativeMethodAccessorImpl.java:57)  at sun.reflect.DelegatingMethodAccessorImpl.invoke(DelegatingMethodAccessorImpl.java:43)  at java.lang.reflect.Method.invoke(Method.java:606)  at gw.internal.gosu.parser.GosuMethodInfo$GosuMethodCallHandler.handleCall(GosuMethodInfo.java:275)  at com.guidewire.testharness.GosuTestDelegate.invokeMethod(GosuTestDelegate.java:163)  at com.guidewire.testharness.GosuTestDelegate.runTest(GosuTestDelegate.java:152)  at com.guidewire.testharness.AbstractTest.superRunBare(AbstractTest.java:873)  at com.guidewire.testharness.AbstractTest.reallyRunBare(AbstractTest.java:812)  at com.guidewire.testharness.AbstractTest$TestRunnerDaemonThread.reallyRunTest(AbstractTest.java:2057)  at com.guidewire.testharness.AbstractTest$TestRunnerDaemonThread.run(AbstractTest.java:2025) " />
    </testcase>
  </testsuite>
  <testsuite errors="0" failures="0" id="20" name="RunlevelTest" package="gwservices.accelerator.testing.gunit.test" tests="8" time="0.38" timestamp="Mon Aug 07 11:07:47 EDT 2017">
    <testcase classname="null(gwservices.accelerator.testing.gunit.test.RunlevelTest)" name="testCaptureWebServerStartupMessages" time="0.019" />
    <testcase classname="null(gwservices.accelerator.testing.gunit.test.RunlevelTest)" name="testRunlevelNONE" time="0.225" />
    <testcase classname="null(gwservices.accelerator.testing.gunit.test.RunlevelTest)" name="testRunlevelGUIDEWIRE_STARTUP" time="0.003" />
    <testcase classname="null(gwservices.accelerator.testing.gunit.test.RunlevelTest)" name="testRunlevelSHUTDOWN" time="0.003" />
    <testcase classname="null(gwservices.accelerator.testing.gunit.test.RunlevelTest)" name="testRunlevelNODAEMONS" time="0.003" />
    <testcase classname="null(gwservices.accelerator.testing.gunit.test.RunlevelTest)" name="testRunlevelDAEMONS" time="0.007" />
    <testcase classname="null(gwservices.accelerator.testing.gunit.test.RunlevelTest)" name="testRunlevelMULTIUSER" time="0.004" />
    <testcase classname="null(gwservices.accelerator.testing.gunit.test.RunlevelTest)" name="testCaptureWebServerShutdownMessages" time="0.0" />
  </testsuite>
  <testsuite errors="1" failures="0" id="21" name="TestConstantsTest" package="gwservices.accelerator.testing.gunit.test" tests="3" time="0.014" timestamp="Mon Aug 07 11:07:47 EDT 2017">
    <testcase classname="null(gwservices.accelerator.testing.gunit.test.TestConstantsTest)" name="test_PROJECT_ROOT_DIRECTORY_PATH_value" time="0.0" />
    <testcase classname="null(gwservices.accelerator.testing.gunit.test.TestConstantsTest)" name="test_MODULES_DIRECTORY_PATH_value" time="0.001">
      <error message="junit.framework.ComparisonFailure: expected:&lt;./modules[1]/&gt; but was:&lt;./modules[]/&gt;  at junit.framework.Assert.assertEquals(Assert.java:100)  at junit.framework.Assert.assertEquals(Assert.java:107)  at junit.framework.TestCase.assertEquals(TestCase.java:269)  at gwservices.accelerator.testing.gunit.test.TestConstantsTest.test_MODULES_DIRECTORY_PATH_value(TestConstantsTest.gs:18)  at sun.reflect.NativeMethodAccessorImpl.invoke0(Native Method)  at sun.reflect.NativeMethodAccessorImpl.invoke(NativeMethodAccessorImpl.java:57)  at sun.reflect.DelegatingMethodAccessorImpl.invoke(DelegatingMethodAccessorImpl.java:43)  at java.lang.reflect.Method.invoke(Method.java:606)  at gw.internal.gosu.parser.GosuMethodInfo$GosuMethodCallHandler.handleCall(GosuMethodInfo.java:275)  at main.MainTest.runTestMethods(MainTest.gs:108)  at main.MainTest.runAllTestsInClass(MainTest.gs:204)  at main.MainTest.runClass(MainTest.gs:262)  at main.MainTest.runTests(MainTest.gs:294)  at main.MainTest$block_6_.invoke(MainTest.gs:308)  at gw.lang.enhancements.CoreArrayEnhancement.each(CoreArrayEnhancement.gsx:236)  at main.MainTest.runTests(MainTest.gs:306)  at main.MainTest$block_6_.invoke(MainTest.gs:308)  at gw.lang.enhancements.CoreArrayEnhancement.each(CoreArrayEnhancement.gsx:236)  at main.MainTest.runTests(MainTest.gs:306)  at main.MainTest$block_6_.invoke(MainTest.gs:308)  at gw.lang.enhancements.CoreArrayEnhancement.each(CoreArrayEnhancement.gsx:236)  at main.MainTest.runTests(MainTest.gs:306)  at main.MainTest$block_6_.invoke(MainTest.gs:308)  at gw.lang.enhancements.CoreArrayEnhancement.each(CoreArrayEnhancement.gsx:236)  at main.MainTest.runTests(MainTest.gs:306)  at main.MainTest.testAll(MainTest.gs:348)  at sun.reflect.NativeMethodAccessorImpl.invoke0(Native Method)  at sun.reflect.NativeMethodAccessorImpl.invoke(NativeMethodAccessorImpl.java:57)  at sun.reflect.DelegatingMethodAccessorImpl.invoke(DelegatingMethodAccessorImpl.java:43)  at java.lang.reflect.Method.invoke(Method.java:606)  at gw.internal.gosu.parser.GosuMethodInfo$GosuMethodCallHandler.handleCall(GosuMethodInfo.java:275)  at com.guidewire.testharness.GosuTestDelegate.invokeMethod(GosuTestDelegate.java:163)  at com.guidewire.testharness.GosuTestDelegate.runTest(GosuTestDelegate.java:152)  at com.guidewire.testharness.AbstractTest.superRunBare(AbstractTest.java:873)  at com.guidewire.testharness.AbstractTest.reallyRunBare(AbstractTest.java:812)  at com.guidewire.testharness.AbstractTest$TestRunnerDaemonThread.reallyRunTest(AbstractTest.java:2057)  at com.guidewire.testharness.AbstractTest$TestRunnerDaemonThread.run(AbstractTest.java:2025) " />
    </testcase>
    <testcase classname="null(gwservices.accelerator.testing.gunit.test.TestConstantsTest)" name="test_MODULES_CONFIGURATION_DIRECTORY_PATH_value" time="0.0">
      <error message="junit.framework.ComparisonFailure: expected:&lt;...odules/configuration[1]/&gt; but was:&lt;...odules/configuration[]/&gt;  at junit.framework.Assert.assertEquals(Assert.java:100)  at junit.framework.Assert.assertEquals(Assert.java:107)  at junit.framework.TestCase.assertEquals(TestCase.java:269)  at gwservices.accelerator.testing.gunit.test.TestConstantsTest.test_MODULES_CONFIGURATION_DIRECTORY_PATH_value(TestConstantsTest.gs:22)  at sun.reflect.NativeMethodAccessorImpl.invoke0(Native Method)  at sun.reflect.NativeMethodAccessorImpl.invoke(NativeMethodAccessorImpl.java:57)  at sun.reflect.DelegatingMethodAccessorImpl.invoke(DelegatingMethodAccessorImpl.java:43)  at java.lang.reflect.Method.invoke(Method.java:606)  at gw.internal.gosu.parser.GosuMethodInfo$GosuMethodCallHandler.handleCall(GosuMethodInfo.java:275)  at main.MainTest.runTestMethods(MainTest.gs:108)  at main.MainTest.runAllTestsInClass(MainTest.gs:204)  at main.MainTest.runClass(MainTest.gs:262)  at main.MainTest.runTests(MainTest.gs:294)  at main.MainTest$block_6_.invoke(MainTest.gs:308)  at gw.lang.enhancements.CoreArrayEnhancement.each(CoreArrayEnhancement.gsx:236)  at main.MainTest.runTests(MainTest.gs:306)  at main.MainTest$block_6_.invoke(MainTest.gs:308)  at gw.lang.enhancements.CoreArrayEnhancement.each(CoreArrayEnhancement.gsx:236)  at main.MainTest.runTests(MainTest.gs:306)  at main.MainTest$block_6_.invoke(MainTest.gs:308)  at gw.lang.enhancements.CoreArrayEnhancement.each(CoreArrayEnhancement.gsx:236)  at main.MainTest.runTests(MainTest.gs:306)  at main.MainTest$block_6_.invoke(MainTest.gs:308)  at gw.lang.enhancements.CoreArrayEnhancement.each(CoreArrayEnhancement.gsx:236)  at main.MainTest.runTests(MainTest.gs:306)  at main.MainTest.testAll(MainTest.gs:348)  at sun.reflect.NativeMethodAccessorImpl.invoke0(Native Method)  at sun.reflect.NativeMethodAccessorImpl.invoke(NativeMethodAccessorImpl.java:57)  at sun.reflect.DelegatingMethodAccessorImpl.invoke(DelegatingMethodAccessorImpl.java:43)  at java.lang.reflect.Method.invoke(Method.java:606)  at gw.internal.gosu.parser.GosuMethodInfo$GosuMethodCallHandler.handleCall(GosuMethodInfo.java:275)  at com.guidewire.testharness.GosuTestDelegate.invokeMethod(GosuTestDelegate.java:163)  at com.guidewire.testharness.GosuTestDelegate.runTest(GosuTestDelegate.java:152)  at com.guidewire.testharness.AbstractTest.superRunBare(AbstractTest.java:873)  at com.guidewire.testharness.AbstractTest.reallyRunBare(AbstractTest.java:812)  at com.guidewire.testharness.AbstractTest$TestRunnerDaemonThread.reallyRunTest(AbstractTest.java:2057)  at com.guidewire.testharness.AbstractTest$TestRunnerDaemonThread.run(AbstractTest.java:2025) " />
    </testcase>
  </testsuite>
  <testsuite errors="0" failures="0" id="22" name="TestMethodsThatShouldNotBeCalledTest" package="gwservices.accelerator.testing.gunit.test" tests="1" time="0.012" timestamp="Mon Aug 07 11:07:47 EDT 2017">
    <testcase classname="null(gwservices.accelerator.testing.gunit.test.TestMethodsThatShouldNotBeCalledTest)" name="testNothing" time="0.0" />
  </testsuite>
  <testsuite errors="0" failures="0" id="23" name="TextTestRunnerTest" package="gwservices.accelerator.testing.gunit.test" tests="10" time="0.608" timestamp="Mon Aug 07 11:07:48 EDT 2017">
    <testcase classname="null(gwservices.accelerator.testing.gunit.test.TextTestRunnerTest)" name="test_PATH_TO_GTEST_DIR_value" time="0.0" />
    <testcase classname="null(gwservices.accelerator.testing.gunit.test.TextTestRunnerTest)" name="testRunAllTests" time="0.446" />
    <testcase classname="null(gwservices.accelerator.testing.gunit.test.TextTestRunnerTest)" name="testRunTestInPackage" time="0.003" />
    <testcase classname="null(gwservices.accelerator.testing.gunit.test.TextTestRunnerTest)" name="testClassNameDoesNotEndWith_Test" time="0.003" />
    <testcase classname="null(gwservices.accelerator.testing.gunit.test.TextTestRunnerTest)" name="testClassDoesNotExtend_TestBase_Class" time="0.002" />
    <testcase classname="null(gwservices.accelerator.testing.gunit.test.TextTestRunnerTest)" name="testClassDoesNotHave_ServerTest_Annotation" time="0.003" />
    <testcase classname="null(gwservices.accelerator.testing.gunit.test.TextTestRunnerTest)" name="testAbstractBaseAndSubclassTest" time="0.002" />
    <testcase classname="null(gwservices.accelerator.testing.gunit.test.TextTestRunnerTest)" name="testOnePassingTest" time="0.0" />
    <testcase classname="null(gwservices.accelerator.testing.gunit.test.TextTestRunnerTest)" name="testTwoPassingTests" time="0.001" />
    <testcase classname="null(gwservices.accelerator.testing.gunit.test.TextTestRunnerTest)" name="testHasNoTestMethods" time="0.009" />
  </testsuite>
  <testsuite errors="1" failures="0" id="24" name="VariousMethodsThrowExceptionsTestTest" package="gwservices.accelerator.testing.gunit.test" tests="5" time="0.02" timestamp="Mon Aug 07 11:07:48 EDT 2017">
    <testcase classname="null(gwservices.accelerator.testing.gunit.test.VariousMethodsThrowExceptionsTestTest)" name="testBeforeClassMethodThrowsException" time="0.004" />
    <testcase classname="null(gwservices.accelerator.testing.gunit.test.VariousMethodsThrowExceptionsTestTest)" name="testBeforeMethodMethodThrowsException" time="0.004" />
    <testcase classname="null(gwservices.accelerator.testing.gunit.test.VariousMethodsThrowExceptionsTestTest)" name="testMainTestMethodAndAllAfterMethodsThrowExceptions" time="0.004" />
    <testcase classname="null(gwservices.accelerator.testing.gunit.test.VariousMethodsThrowExceptionsTestTest)" name="testOnlyAfterMethodsThrowExceptions" time="0.003" />
    <testcase classname="null(gwservices.accelerator.testing.gunit.test.VariousMethodsThrowExceptionsTestTest)" name="testAfterClassMethodThrowsException" time="0.005">
      <error message="junit.framework.AssertionFailedError: FailingTests expected:&lt;1&gt; but was:&lt;0&gt;  at junit.framework.Assert.fail(Assert.java:57)  at junit.framework.Assert.failNotEquals(Assert.java:329)  at junit.framework.Assert.assertEquals(Assert.java:78)  at junit.framework.Assert.assertEquals(Assert.java:234)  at junit.framework.TestCase.assertEquals(TestCase.java:401)  at gwservices.accelerator.testing.gunit.test.VariousMethodsThrowExceptionsTestTest.testAfterClassMethodThrowsException(VariousMethodsThrowExceptionsTestTest.gs:141)  at sun.reflect.NativeMethodAccessorImpl.invoke0(Native Method)  at sun.reflect.NativeMethodAccessorImpl.invoke(NativeMethodAccessorImpl.java:57)  at sun.reflect.DelegatingMethodAccessorImpl.invoke(DelegatingMethodAccessorImpl.java:43)  at java.lang.reflect.Method.invoke(Method.java:606)  at gw.internal.gosu.parser.GosuMethodInfo$GosuMethodCallHandler.handleCall(GosuMethodInfo.java:275)  at main.MainTest.runTestMethods(MainTest.gs:108)  at main.MainTest.runAllTestsInClass(MainTest.gs:204)  at main.MainTest.runClass(MainTest.gs:262)  at main.MainTest.runTests(MainTest.gs:294)  at main.MainTest$block_6_.invoke(MainTest.gs:308)  at gw.lang.enhancements.CoreArrayEnhancement.each(CoreArrayEnhancement.gsx:236)  at main.MainTest.runTests(MainTest.gs:306)  at main.MainTest$block_6_.invoke(MainTest.gs:308)  at gw.lang.enhancements.CoreArrayEnhancement.each(CoreArrayEnhancement.gsx:236)  at main.MainTest.runTests(MainTest.gs:306)  at main.MainTest$block_6_.invoke(MainTest.gs:308)  at gw.lang.enhancements.CoreArrayEnhancement.each(CoreArrayEnhancement.gsx:236)  at main.MainTest.runTests(MainTest.gs:306)  at main.MainTest$block_6_.invoke(MainTest.gs:308)  at gw.lang.enhancements.CoreArrayEnhancement.each(CoreArrayEnhancement.gsx:236)  at main.MainTest.runTests(MainTest.gs:306)  at main.MainTest.testAll(MainTest.gs:348)  at sun.reflect.NativeMethodAccessorImpl.invoke0(Native Method)  at sun.reflect.NativeMethodAccessorImpl.invoke(NativeMethodAccessorImpl.java:57)  at sun.reflect.DelegatingMethodAccessorImpl.invoke(DelegatingMethodAccessorImpl.java:43)  at java.lang.reflect.Method.invoke(Method.java:606)  at gw.internal.gosu.parser.GosuMethodInfo$GosuMethodCallHandler.handleCall(GosuMethodInfo.java:275)  at com.guidewire.testharness.GosuTestDelegate.invokeMethod(GosuTestDelegate.java:163)  at com.guidewire.testharness.GosuTestDelegate.runTest(GosuTestDelegate.java:152)  at com.guidewire.testharness.AbstractTest.superRunBare(AbstractTest.java:873)  at com.guidewire.testharness.AbstractTest.reallyRunBare(AbstractTest.java:812)  at com.guidewire.testharness.AbstractTest$TestRunnerDaemonThread.reallyRunTest(AbstractTest.java:2057)  at com.guidewire.testharness.AbstractTest$TestRunnerDaemonThread.run(AbstractTest.java:2025) " />
    </testcase>
  </testsuite>
</testsuites>
